Using pre-set license
Built from '2021.1/staging' branch; Version is '2021.1.7f1 (d91830b65d9b) revision 14227504'; Using compiler version '192528614'; Build Type 'Release'
OS: 'Windows 10 Pro; OS build 19042.1348; Version 2009; 64bit' Language: 'pt' Physical Memory: 8057 MB
BatchMode: 1, IsHumanControllingUs: 0, StartBugReporterOnCrash: 0, Is64bit: 1, IsPro: 0

 COMMAND LINE ARGUMENTS:
C:\Program Files\Unity 2021.1.7f1\Editor\Unity.exe
-adb2
-batchMode
-noUpm
-name
AssetImportWorker0
-projectPath
D:/João Pedro/Jogo/Game Fake
-logFile
Logs/AssetImportWorker0.log
-srvPort
56486
Successfully changed project path to: D:/João Pedro/Jogo/Game Fake
D:/João Pedro/Jogo/Game Fake
Using Asset Import Pipeline V2.
Refreshing native plugins compatible for Editor in 101.03 ms, found 2 plugins.
Preloading 0 native plugins for Editor in 0.00 ms.
Initialize engine version: 2021.1.7f1 (d91830b65d9b)
[Subsystems] Discovering subsystems at path C:/Program Files/Unity 2021.1.7f1/Editor/Data/Resources/UnitySubsystems
[Subsystems] Discovering subsystems at path D:/João Pedro/Jogo/Game Fake/Assets
GfxDevice: creating device client; threaded=0; jobified=0
Direct3D:
    Version:  Direct3D 11.0 [level 11.1]
    Renderer: Radeon (TM) 520 (ID=0x6665)
    Vendor:   ATI
    VRAM:     2039 MB
    Driver:   27.20.14501.18003
Initialize mono
Mono path[0] = 'C:/Program Files/Unity 2021.1.7f1/Editor/Data/Managed'
Mono path[1] = 'C:/Program Files/Unity 2021.1.7f1/Editor/Data/MonoBleedingEdge/lib/mono/unityjit'
Mono config path = 'C:/Program Files/Unity 2021.1.7f1/Editor/Data/MonoBleedingEdge/etc'
Using monoOptions --debugger-agent=transport=dt_socket,embedding=1,server=y,suspend=n,address=127.0.0.1:56372
Begin MonoManager ReloadAssembly
Registering precompiled unity dll's ...
Register platform support module: C:/Program Files/Unity 2021.1.7f1/Editor/Data/PlaybackEngines/WindowsStandaloneSupport/UnityEditor.WindowsStandalone.Extensions.dll
Registered in 0.002352 seconds.
Native extension for WindowsStandalone target not found
Refreshing native plugins compatible for Editor in 98.05 ms, found 2 plugins.
Preloading 0 native plugins for Editor in 0.00 ms.
Mono: successfully reloaded assembly
- Completed reload, in  1.243 seconds
Platform modules already initialized, skipping
Registering precompiled user dll's ...
Registered in 0.002756 seconds.
Begin MonoManager ReloadAssembly
Symbol file LoadedFromMemory doesn't match image D:\João Pedro\Jogo\Game Fake\Library\PackageCache\com.unity.visualscripting@1.6.1\Editor\VisualScripting.Core\Dependencies\YamlDotNet\Unity.VisualScripting.YamlDotNet.dll
Symbol file LoadedFromMemory doesn't match image D:\João Pedro\Jogo\Game Fake\Library\PackageCache\com.unity.visualscripting@1.6.1\Editor\VisualScripting.Core\Dependencies\DotNetZip\Unity.VisualScripting.IonicZip.dll
Native extension for WindowsStandalone target not found
Refreshing native plugins compatible for Editor in 88.97 ms, found 2 plugins.
Preloading 0 native plugins for Editor in 0.00 ms.
Mono: successfully reloaded assembly
- Completed reload, in  1.227 seconds
Platform modules already initialized, skipping
========================================================================
Worker process is ready to serve import requests
Launched and connected shader compiler UnityShaderCompiler.exe after 0.05 seconds
Refreshing native plugins compatible for Editor in 0.77 ms, found 2 plugins.
Preloading 0 native plugins for Editor in 0.00 ms.
Unloading 3662 Unused Serialized files (Serialized files now loaded: 0)
System memory in use before: 142.0 MB.
System memory in use after: 142.1 MB.

Unloading 29 unused Assets to reduce memory usage. Loaded Objects now: 4116.
Total: 2.916200 ms (FindLiveObjects: 0.341600 ms CreateObjectMapping: 0.145300 ms MarkObjects: 2.277400 ms  DeleteObjects: 0.150800 ms)

========================================================================
Received Import Request.
  path: Assets/Scenes/SampleScene.unity
  artifactKey: Guid(2cda990e2423bbf4892e6590ba056729) Importer(815301076,1909f56bfc062723c751e8b465ee728b)
Start importing Assets/Scenes/SampleScene.unity using Guid(2cda990e2423bbf4892e6590ba056729) Importer(815301076,1909f56bfc062723c751e8b465ee728b)  -> (artifact id: '86c111bcb7be0ec0af1979bf48429902') in 0.017278 seconds 
========================================================================
Received Prepare
Registering precompiled user dll's ...
Registered in 0.002869 seconds.
Begin MonoManager ReloadAssembly
Symbol file LoadedFromMemory doesn't match image D:\João Pedro\Jogo\Game Fake\Library\PackageCache\com.unity.visualscripting@1.6.1\Editor\VisualScripting.Core\Dependencies\YamlDotNet\Unity.VisualScripting.YamlDotNet.dll
Symbol file LoadedFromMemory doesn't match image D:\João Pedro\Jogo\Game Fake\Library\PackageCache\com.unity.visualscripting@1.6.1\Editor\VisualScripting.Core\Dependencies\DotNetZip\Unity.VisualScripting.IonicZip.dll
Native extension for WindowsStandalone target not found
Refreshing native plugins compatible for Editor in 1.77 ms, found 2 plugins.
Preloading 0 native plugins for Editor in 0.00 ms.
Mono: successfully reloaded assembly
- Completed reload, in  1.075 seconds
Platform modules already initialized, skipping
Refreshing native plugins compatible for Editor in 0.65 ms, found 2 plugins.
Preloading 0 native plugins for Editor in 0.00 ms.
Unloading 3628 Unused Serialized files (Serialized files now loaded: 0)
System memory in use before: 139.3 MB.
System memory in use after: 139.4 MB.

Unloading 17 unused Assets to reduce memory usage. Loaded Objects now: 4120.
Total: 4.194700 ms (FindLiveObjects: 0.276200 ms CreateObjectMapping: 0.169900 ms MarkObjects: 3.648500 ms  DeleteObjects: 0.098900 ms)

========================================================================
Received Prepare
Registering precompiled user dll's ...
Registered in 0.003389 seconds.
Begin MonoManager ReloadAssembly
Symbol file LoadedFromMemory doesn't match image D:\João Pedro\Jogo\Game Fake\Library\PackageCache\com.unity.visualscripting@1.6.1\Editor\VisualScripting.Core\Dependencies\YamlDotNet\Unity.VisualScripting.YamlDotNet.dll
Symbol file LoadedFromMemory doesn't match image D:\João Pedro\Jogo\Game Fake\Library\PackageCache\com.unity.visualscripting@1.6.1\Editor\VisualScripting.Core\Dependencies\DotNetZip\Unity.VisualScripting.IonicZip.dll
Native extension for WindowsStandalone target not found
Refreshing native plugins compatible for Editor in 0.66 ms, found 2 plugins.
Preloading 0 native plugins for Editor in 0.00 ms.
Mono: successfully reloaded assembly
- Completed reload, in  1.101 seconds
Platform modules already initialized, skipping
Refreshing native plugins compatible for Editor in 1.08 ms, found 2 plugins.
Preloading 0 native plugins for Editor in 0.00 ms.
Unloading 3628 Unused Serialized files (Serialized files now loaded: 0)
System memory in use before: 139.4 MB.
System memory in use after: 139.5 MB.

Unloading 17 unused Assets to reduce memory usage. Loaded Objects now: 4124.
Total: 2.694600 ms (FindLiveObjects: 0.273300 ms CreateObjectMapping: 0.144500 ms MarkObjects: 2.146800 ms  DeleteObjects: 0.129100 ms)

AssetImportWorkerClient::OnTransportError - code=2 error=End of file
